2019-07-10 12:22:58,496  INFO [TestNG-PoolService-0] Step:41 - Opened URL successfully
2019-07-10 12:22:58,635  INFO [TestNG-PoolService-1] Step:41 - Opened URL successfully
2019-07-10 12:22:58,689  INFO [TestNG-PoolService-2] Step:41 - Opened URL successfully
2019-07-10 12:23:00,963  INFO [TestNG-PoolService-0] Step:55 - Verified the pa
2019-07-10 12:23:01,490  INFO [TestNG-PoolService-1] Step:55 - Verified the pa
2019-07-10 12:23:02,281  INFO [TestNG-PoolService-2] Step:55 - Verified the pa
2019-07-10 12:23:03,247 DEBUG [main] cache:45 - Couldn't find template in cache for "extent.ftl"("en_US", UTF-8, parsed); will try to load it.
2019-07-10 12:23:03,247 DEBUG [main] cache:45 - TemplateLoader.findTemplateSource("extent_en_US.ftl"): Not found
2019-07-10 12:23:03,247 DEBUG [main] cache:45 - TemplateLoader.findTemplateSource("extent_en.ftl"): Not found
2019-07-10 12:23:03,247 DEBUG [main] cache:45 - TemplateLoader.findTemplateSource("extent.ftl"): Found
2019-07-10 12:23:03,247 DEBUG [main] cache:45 - Loading template for "extent.ftl"("en_US", UTF-8, parsed) from "jar:file:/C:/Users/Surbhi_Modi/.m2/repository/com/aventstack/extentreports/3.0.0/extentreports-3.0.0.jar!/com/aventstack/extentreports/view/extent.ftl"
2019-07-10 12:23:03,389 DEBUG [main] cache:45 - Couldn't find template in cache for "head.ftl"("en_US", UTF-8, parsed); will try to load it.
2019-07-10 12:23:03,390 DEBUG [main] cache:45 - TemplateLoader.findTemplateSource("head_en_US.ftl"): Not found
2019-07-10 12:23:03,390 DEBUG [main] cache:45 - TemplateLoader.findTemplateSource("head_en.ftl"): Not found
2019-07-10 12:23:03,390 DEBUG [main] cache:45 - TemplateLoader.findTemplateSource("head.ftl"): Found
2019-07-10 12:23:03,390 DEBUG [main] cache:45 - Loading template for "head.ftl"("en_US", UTF-8, parsed) from "jar:file:/C:/Users/Surbhi_Modi/.m2/repository/com/aventstack/extentreports/3.0.0/extentreports-3.0.0.jar!/com/aventstack/extentreports/view/head.ftl"
2019-07-10 12:23:03,393 DEBUG [main] cache:45 - Couldn't find template in cache for "nav.ftl"("en_US", UTF-8, parsed); will try to load it.
2019-07-10 12:23:03,394 DEBUG [main] cache:45 - TemplateLoader.findTemplateSource("nav_en_US.ftl"): Not found
2019-07-10 12:23:03,394 DEBUG [main] cache:45 - TemplateLoader.findTemplateSource("nav_en.ftl"): Not found
2019-07-10 12:23:03,394 DEBUG [main] cache:45 - TemplateLoader.findTemplateSource("nav.ftl"): Found
2019-07-10 12:23:03,394 DEBUG [main] cache:45 - Loading template for "nav.ftl"("en_US", UTF-8, parsed) from "jar:file:/C:/Users/Surbhi_Modi/.m2/repository/com/aventstack/extentreports/3.0.0/extentreports-3.0.0.jar!/com/aventstack/extentreports/view/nav.ftl"
2019-07-10 12:23:03,397 DEBUG [main] cache:45 - Couldn't find template in cache for "test-view/test-view.ftl"("en_US", UTF-8, parsed); will try to load it.
2019-07-10 12:23:03,397 DEBUG [main] cache:45 - TemplateLoader.findTemplateSource("test-view/test-view_en_US.ftl"): Not found
2019-07-10 12:23:03,397 DEBUG [main] cache:45 - TemplateLoader.findTemplateSource("test-view/test-view_en.ftl"): Not found
2019-07-10 12:23:03,397 DEBUG [main] cache:45 - TemplateLoader.findTemplateSource("test-view/test-view.ftl"): Found
2019-07-10 12:23:03,397 DEBUG [main] cache:45 - Loading template for "test-view/test-view.ftl"("en_US", UTF-8, parsed) from "jar:file:/C:/Users/Surbhi_Modi/.m2/repository/com/aventstack/extentreports/3.0.0/extentreports-3.0.0.jar!/com/aventstack/extentreports/view/test-view/test-view.ftl"
2019-07-10 12:23:03,412 DEBUG [main] cache:45 - Couldn't find template in cache for "test-view/standard.ftl"("en_US", UTF-8, parsed); will try to load it.
2019-07-10 12:23:03,423 DEBUG [main] cache:45 - TemplateLoader.findTemplateSource("test-view/standard_en_US.ftl"): Not found
2019-07-10 12:23:03,423 DEBUG [main] cache:45 - TemplateLoader.findTemplateSource("test-view/standard_en.ftl"): Not found
2019-07-10 12:23:03,423 DEBUG [main] cache:45 - TemplateLoader.findTemplateSource("test-view/standard.ftl"): Found
2019-07-10 12:23:03,423 DEBUG [main] cache:45 - Loading template for "test-view/standard.ftl"("en_US", UTF-8, parsed) from "jar:file:/C:/Users/Surbhi_Modi/.m2/repository/com/aventstack/extentreports/3.0.0/extentreports-3.0.0.jar!/com/aventstack/extentreports/view/test-view/standard.ftl"
2019-07-10 12:23:03,434 DEBUG [main] cache:45 - "test-view/standard.ftl"("en_US", UTF-8, parsed) cached copy not yet stale; using cached.
2019-07-10 12:23:03,434 DEBUG [main] cache:45 - "test-view/standard.ftl"("en_US", UTF-8, parsed) cached copy not yet stale; using cached.
2019-07-10 12:23:03,435 DEBUG [main] cache:45 - Couldn't find template in cache for "test-view/test-view-charts.ftl"("en_US", UTF-8, parsed); will try to load it.
2019-07-10 12:23:03,435 DEBUG [main] cache:45 - TemplateLoader.findTemplateSource("test-view/test-view-charts_en_US.ftl"): Not found
2019-07-10 12:23:03,435 DEBUG [main] cache:45 - TemplateLoader.findTemplateSource("test-view/test-view-charts_en.ftl"): Not found
2019-07-10 12:23:03,435 DEBUG [main] cache:45 - TemplateLoader.findTemplateSource("test-view/test-view-charts.ftl"): Found
2019-07-10 12:23:03,435 DEBUG [main] cache:45 - Loading template for "test-view/test-view-charts.ftl"("en_US", UTF-8, parsed) from "jar:file:/C:/Users/Surbhi_Modi/.m2/repository/com/aventstack/extentreports/3.0.0/extentreports-3.0.0.jar!/com/aventstack/extentreports/view/test-view/test-view-charts.ftl"
2019-07-10 12:23:03,438 DEBUG [main] cache:45 - Couldn't find template in cache for "category-view/category-view.ftl"("en_US", UTF-8, parsed); will try to load it.
2019-07-10 12:23:03,438 DEBUG [main] cache:45 - TemplateLoader.findTemplateSource("category-view/category-view_en_US.ftl"): Not found
2019-07-10 12:23:03,438 DEBUG [main] cache:45 - TemplateLoader.findTemplateSource("category-view/category-view_en.ftl"): Not found
2019-07-10 12:23:03,438 DEBUG [main] cache:45 - TemplateLoader.findTemplateSource("category-view/category-view.ftl"): Found
2019-07-10 12:23:03,439 DEBUG [main] cache:45 - Loading template for "category-view/category-view.ftl"("en_US", UTF-8, parsed) from "jar:file:/C:/Users/Surbhi_Modi/.m2/repository/com/aventstack/extentreports/3.0.0/extentreports-3.0.0.jar!/com/aventstack/extentreports/view/category-view/category-view.ftl"
2019-07-10 12:23:03,441 DEBUG [main] cache:45 - Couldn't find template in cache for "exception-view/exception-view.ftl"("en_US", UTF-8, parsed); will try to load it.
2019-07-10 12:23:03,441 DEBUG [main] cache:45 - TemplateLoader.findTemplateSource("exception-view/exception-view_en_US.ftl"): Not found
2019-07-10 12:23:03,442 DEBUG [main] cache:45 - TemplateLoader.findTemplateSource("exception-view/exception-view_en.ftl"): Not found
2019-07-10 12:23:03,442 DEBUG [main] cache:45 - TemplateLoader.findTemplateSource("exception-view/exception-view.ftl"): Found
2019-07-10 12:23:03,442 DEBUG [main] cache:45 - Loading template for "exception-view/exception-view.ftl"("en_US", UTF-8, parsed) from "jar:file:/C:/Users/Surbhi_Modi/.m2/repository/com/aventstack/extentreports/3.0.0/extentreports-3.0.0.jar!/com/aventstack/extentreports/view/exception-view/exception-view.ftl"
2019-07-10 12:23:03,444 DEBUG [main] cache:45 - Couldn't find template in cache for "dashboard-view/dashboard-view.ftl"("en_US", UTF-8, parsed); will try to load it.
2019-07-10 12:23:03,445 DEBUG [main] cache:45 - TemplateLoader.findTemplateSource("dashboard-view/dashboard-view_en_US.ftl"): Not found
2019-07-10 12:23:03,445 DEBUG [main] cache:45 - TemplateLoader.findTemplateSource("dashboard-view/dashboard-view_en.ftl"): Not found
2019-07-10 12:23:03,445 DEBUG [main] cache:45 - TemplateLoader.findTemplateSource("dashboard-view/dashboard-view.ftl"): Found
2019-07-10 12:23:03,445 DEBUG [main] cache:45 - Loading template for "dashboard-view/dashboard-view.ftl"("en_US", UTF-8, parsed) from "jar:file:/C:/Users/Surbhi_Modi/.m2/repository/com/aventstack/extentreports/3.0.0/extentreports-3.0.0.jar!/com/aventstack/extentreports/view/dashboard-view/dashboard-view.ftl"
2019-07-10 12:23:03,450 DEBUG [main] cache:45 - Couldn't find template in cache for "logs-view/testrunner-logs-view.ftl"("en_US", UTF-8, parsed); will try to load it.
2019-07-10 12:23:03,450 DEBUG [main] cache:45 - TemplateLoader.findTemplateSource("logs-view/testrunner-logs-view_en_US.ftl"): Not found
2019-07-10 12:23:03,451 DEBUG [main] cache:45 - TemplateLoader.findTemplateSource("logs-view/testrunner-logs-view_en.ftl"): Not found
2019-07-10 12:23:03,451 DEBUG [main] cache:45 - TemplateLoader.findTemplateSource("logs-view/testrunner-logs-view.ftl"): Found
2019-07-10 12:23:03,451 DEBUG [main] cache:45 - Loading template for "logs-view/testrunner-logs-view.ftl"("en_US", UTF-8, parsed) from "jar:file:/C:/Users/Surbhi_Modi/.m2/repository/com/aventstack/extentreports/3.0.0/extentreports-3.0.0.jar!/com/aventstack/extentreports/view/logs-view/testrunner-logs-view.ftl"
